# JRE version: OpenJDK Runtime Environment Temurin-21.0.3+9 (21.0.3+9) (build 21.0.3+9-LTS)
# Java VM: OpenJDK 64-Bit Server VM Temurin-21.0.3+9 (21.0.3+9-LTS, mixed mode, emulated-client, tiered, compressed oops, compressed class ptrs, g1 gc, windows-amd64)
GC Precious Log:
 CardTable entry size: 512
 Card Set container configuration: InlinePtr #cards 4 size 8 Array Of Cards #cards 16 size 48 Howl #buckets 8 coarsen threshold 3686 Howl Bitmap #cards 512 size 80 coarsen threshold 460 Card regions per heap region 1 cards per card region 4096
 CPUs: 4 total, 4 available
 Memory: 16009M
 Large Page Support: Disabled
 NUMA Support: Disabled
 Compressed Oops: Enabled (Zero based)
 Heap Region Size: 2M
 Heap Min Capacity: 8M
 Heap Initial Capacity: 252M
 Heap Max Capacity: 4004M
 Pre-touch: Disabled
 Parallel Workers: 4
 Concurrent Workers: 1
 Concurrent Refinement Workers: 4
 Periodic GC: Disabled
Heap:
 garbage-first heap   total 102400K, used 45621K [0x0000000705c00000, 0x0000000800000000)
  region size 2048K, 10 young (20480K), 3 survivors (6144K)
 Metaspace       used 77899K, committed 78464K, reserved 1179648K
  class space    used 10267K, committed 10560K, reserved 1048576K
GC Heap History (20 events):
Event: 3.374 GC heap before
{Heap before GC invocations=11 (full 0):
 garbage-first heap   total 69632K, used 53728K [0x0000000705c00000, 0x0000000800000000)
  region size 2048K, 20 young (40960K), 2 survivors (4096K)
 Metaspace       used 41384K, committed 41792K, reserved 1114112K
  class space    used 5126K, committed 5312K, reserved 1048576K
}
Event: 3.383 GC heap after
{Heap after GC invocations=12 (full 0):
 garbage-first heap   total 69632K, used 18749K [0x0000000705c00000, 0x0000000800000000)
  region size 2048K, 2 young (4096K), 2 survivors (4096K)
 Metaspace       used 41384K, committed 41792K, reserved 1114112K
  class space    used 5126K, committed 5312K, reserved 1048576K
}
Event: 3.738 GC heap before
{Heap before GC invocations=12 (full 0):
 garbage-first heap   total 69632K, used 53565K [0x0000000705c00000, 0x0000000800000000)
  region size 2048K, 20 young (40960K), 2 survivors (4096K)
 Metaspace       used 44154K, committed 44608K, reserved 1114112K
  class space    used 5471K, committed 5696K, reserved 1048576K
}
Event: 3.748 GC heap after
{Heap after GC invocations=13 (full 0):
 garbage-first heap   total 83968K, used 20578K [0x0000000705c00000, 0x0000000800000000)
  region size 2048K, 3 young (6144K), 3 survivors (6144K)
 Metaspace       used 44154K, committed 44608K, reserved 1114112K
  class space    used 5471K, committed 5696K, reserved 1048576K
}
Event: 4.088 GC heap before
{Heap before GC invocations=13 (full 0):
 garbage-first heap   total 83968K, used 63586K [0x0000000705c00000, 0x0000000800000000)
  region size 2048K, 24 young (49152K), 3 survivors (6144K)
 Metaspace       used 48371K, committed 48896K, reserved 1114112K
  class space    used 6159K, committed 6400K, reserved 1048576K
}
Event: 4.097 GC heap after
{Heap after GC invocations=14 (full 0):
 garbage-first heap   total 83968K, used 21701K [0x0000000705c00000, 0x0000000800000000)
  region size 2048K, 2 young (4096K), 2 survivors (4096K)
 Metaspace       used 48371K, committed 48896K, reserved 1114112K
  class space    used 6159K, committed 6400K, reserved 1048576K
}
Event: 4.513 GC heap before
{Heap before GC invocations=14 (full 0):
 garbage-first heap   total 83968K, used 66757K [0x0000000705c00000, 0x0000000800000000)
  region size 2048K, 24 young (49152K), 2 survivors (4096K)
 Metaspace       used 53374K, committed 53824K, reserved 1114112K
  class space    used 6810K, committed 7040K, reserved 1048576K
}
Event: 4.520 GC heap after
{Heap after GC invocations=15 (full 0):
 garbage-first heap   total 83968K, used 22944K [0x0000000705c00000, 0x0000000800000000)
  region size 2048K, 2 young (4096K), 2 survivors (4096K)
 Metaspace       used 53374K, committed 53824K, reserved 1114112K
  class space    used 6810K, committed 7040K, reserved 1048576K
}
Event: 4.945 GC heap before
{Heap before GC invocations=15 (full 0):
 garbage-first heap   total 83968K, used 65952K [0x0000000705c00000, 0x0000000800000000)
  region size 2048K, 24 young (49152K), 2 survivors (4096K)
 Metaspace       used 57702K, committed 58176K, reserved 1114112K
  class space    used 7410K, committed 7616K, reserved 1048576K
}
Event: 4.955 GC heap after
{Heap after GC invocations=16 (full 0):
 garbage-first heap   total 83968K, used 23964K [0x0000000705c00000, 0x0000000800000000)
  region size 2048K, 2 young (4096K), 2 survivors (4096K)
 Metaspace       used 57702K, committed 58176K, reserved 1114112K
  class space    used 7410K, committed 7616K, reserved 1048576K
}
Event: 5.187 GC heap before
{Heap before GC invocations=16 (full 0):
 garbage-first heap   total 83968K, used 48540K [0x0000000705c00000, 0x0000000800000000)
  region size 2048K, 15 young (30720K), 2 survivors (4096K)
 Metaspace       used 59831K, committed 60288K, reserved 1114112K
  class space    used 7795K, committed 8000K, reserved 1048576K
}
Event: 5.192 GC heap after
{Heap after GC invocations=17 (full 0):
 garbage-first heap   total 102400K, used 24707K [0x0000000705c00000, 0x0000000800000000)
  region size 2048K, 2 young (4096K), 2 survivors (4096K)
 Metaspace       used 59831K, committed 60288K, reserved 1114112K
  class space    used 7795K, committed 8000K, reserved 1048576K
}
Event: 5.797 GC heap before
{Heap before GC invocations=18 (full 0):
 garbage-first heap   total 102400K, used 82051K [0x0000000705c00000, 0x0000000800000000)
  region size 2048K, 30 young (61440K), 2 survivors (4096K)
 Metaspace       used 64469K, committed 64896K, reserved 1114112K
  class space    used 8470K, committed 8640K, reserved 1048576K
}
Event: 5.804 GC heap after
{Heap after GC invocations=19 (full 0):
 garbage-first heap   total 102400K, used 26873K [0x0000000705c00000, 0x0000000800000000)
  region size 2048K, 3 young (6144K), 3 survivors (6144K)
 Metaspace       used 64469K, committed 64896K, reserved 1114112K
  class space    used 8470K, committed 8640K, reserved 1048576K
}
Event: 6.315 GC heap before
{Heap before GC invocations=19 (full 0):
 garbage-first heap   total 102400K, used 82169K [0x0000000705c00000, 0x0000000800000000)
  region size 2048K, 30 young (61440K), 3 survivors (6144K)
 Metaspace       used 67695K, committed 68224K, reserved 1114112K
  class space    used 8907K, committed 9152K, reserved 1048576K
}
Event: 6.324 GC heap after
{Heap after GC invocations=20 (full 0):
 garbage-first heap   total 102400K, used 28919K [0x0000000705c00000, 0x0000000800000000)
  region size 2048K, 4 young (8192K), 4 survivors (8192K)
 Metaspace       used 67695K, committed 68224K, reserved 1114112K
  class space    used 8907K, committed 9152K, reserved 1048576K
}
Event: 6.875 GC heap before
{Heap before GC invocations=20 (full 0):
 garbage-first heap   total 102400K, used 82167K [0x0000000705c00000, 0x0000000800000000)
  region size 2048K, 30 young (61440K), 4 survivors (8192K)
 Metaspace       used 71186K, committed 71808K, reserved 1114112K
  class space    used 9443K, committed 9728K, reserved 1048576K
}
Event: 6.887 GC heap after
{Heap after GC invocations=21 (full 0):
 garbage-first heap   total 102400K, used 32501K [0x0000000705c00000, 0x0000000800000000)
  region size 2048K, 3 young (6144K), 3 survivors (6144K)
 Metaspace       used 71186K, committed 71808K, reserved 1114112K
  class space    used 9443K, committed 9728K, reserved 1048576K
}
Event: 20.454 GC heap before
{Heap before GC invocations=21 (full 0):
 garbage-first heap   total 102400K, used 85749K [0x0000000705c00000, 0x0000000800000000)
  region size 2048K, 30 young (61440K), 3 survivors (6144K)
 Metaspace       used 76976K, committed 77568K, reserved 1179648K
  class space    used 10161K, committed 10432K, reserved 1048576K
}
Event: 20.473 GC heap after
{Heap after GC invocations=22 (full 0):
 garbage-first heap   total 102400K, used 33333K [0x0000000705c00000, 0x0000000800000000)
  region size 2048K, 3 young (6144K), 3 survivors (6144K)
 Metaspace       used 76976K, committed 77568K, reserved 1179648K
  class space    used 10161K, committed 10432K, reserved 1048576K
}

